TN:
SF:src/graphql/graphql.service.ts
FN:5,(anonymous_1)
FN:9,(anonymous_2)
FN:15,(anonymous_3)
FN:25,(anonymous_4)
FN:64,(anonymous_5)
FN:88,(anonymous_6)
FN:106,(anonymous_7)
FNF:7
FNH:6
FNDA:1,(anonymous_1)
FNDA:7,(anonymous_2)
FNDA:0,(anonymous_3)
FNDA:3,(anonymous_4)
FNDA:1,(anonymous_5)
FNDA:2,(anonymous_6)
FNDA:1,(anonymous_7)
DA:1,1
DA:2,1
DA:5,1
DA:6,1
DA:10,7
DA:11,7
DA:12,7
DA:13,0
DA:15,0
DA:19,7
DA:21,0
DA:31,3
DA:32,3
DA:61,3
DA:65,1
DA:85,1
DA:89,2
DA:103,2
DA:107,1
DA:121,1
LF:20
LH:17
BRDA:12,0,0,0
BRDA:31,1,0,1
BRDA:31,1,1,2
BRF:3
BRH:2
end_of_record
TN:
SF:src/rest/rest.controller.ts
FN:7,(anonymous_4)
FN:74,(anonymous_5)
FN:114,(anonymous_6)
FN:146,(anonymous_7)
FN:180,(anonymous_8)
FNF:5
FNH:5
FNDA:1,(anonymous_4)
FNDA:3,(anonymous_5)
FNDA:1,(anonymous_6)
FNDA:2,(anonymous_7)
FNDA:1,(anonymous_8)
DA:1,1
DA:2,1
DA:3,1
DA:6,1
DA:7,1
DA:74,1
DA:80,3
DA:81,3
DA:114,1
DA:115,1
DA:146,1
DA:150,2
DA:180,1
DA:181,1
LF:14
LH:14
BRDA:76,0,0,0
BRDA:77,1,0,0
BRDA:80,2,0,3
BRDA:80,2,1,0
BRDA:148,3,0,1
BRF:5
BRH:2
end_of_record
TN:
SF:src/rest/rest.service.ts
FN:7,(anonymous_2)
FN:9,(anonymous_3)
FN:33,(anonymous_4)
FN:34,(anonymous_5)
FN:54,(anonymous_6)
FN:68,(anonymous_7)
FN:71,(anonymous_8)
FN:89,(anonymous_9)
FN:103,(anonymous_10)
FNF:9
FNH:9
FNDA:1,(anonymous_2)
FNDA:3,(anonymous_3)
FNDA:3,(anonymous_4)
FNDA:25,(anonymous_5)
FNDA:1,(anonymous_6)
FNDA:1,(anonymous_7)
FNDA:42,(anonymous_8)
FNDA:2,(anonymous_9)
FNDA:1,(anonymous_10)
DA:1,1
DA:3,1
DA:6,1
DA:7,1
DA:15,3
DA:16,3
DA:22,3
DA:23,3
DA:24,0
DA:26,3
DA:28,0
DA:29,0
DA:34,25
DA:55,1
DA:56,1
DA:57,1
DA:58,1
DA:59,0
DA:61,1
DA:63,0
DA:64,0
DA:69,1
DA:71,1
DA:72,42
DA:73,42
DA:86,1
DA:90,2
DA:91,2
DA:92,2
DA:93,2
DA:94,0
DA:96,2
DA:98,0
DA:99,0
DA:104,1
DA:105,1
DA:106,1
DA:107,1
DA:108,0
DA:110,1
DA:112,0
DA:113,0
LF:42
LH:30
BRDA:23,0,0,0
BRDA:23,1,0,3
BRDA:23,1,1,3
BRDA:23,1,2,3
BRDA:58,2,0,0
BRDA:58,3,0,1
BRDA:58,3,1,1
BRDA:58,3,2,1
BRDA:93,4,0,0
BRDA:93,5,0,2
BRDA:93,5,1,2
BRDA:93,5,2,2
BRDA:107,6,0,0
BRDA:107,7,0,1
BRDA:107,7,1,1
BRDA:107,7,2,1
BRF:16
BRH:12
end_of_record
